This is pdfTeX, Version 3.141592653-2.6-1.40.26 (TeX Live 2024) (preloaded format=pdflatex 2024.9.29)  1 OCT 2024 15:58
entering extended mode
 \write18 enabled.
 file:line:error style messages enabled.
 %&-line parsing enabled.
**informe_2.tex
(./informe_2.tex
LaTeX2e <2023-11-01> patch level 1
L3 programming layer <2024-02-20>
(/usr/local/texlive/2024/texmf-dist/tex/latex/base/article.cls
Document Class: article 2023/05/17 v1.4n Standard LaTeX document class
(/usr/local/texlive/2024/texmf-dist/tex/latex/base/size10.clo
File: size10.clo 2023/05/17 v1.4n Standard LaTeX file (size option)
)
\c@part=\count188
\c@section=\count189
\c@subsection=\count190
\c@subsubsection=\count191
\c@paragraph=\count192
\c@subparagraph=\count193
\c@figure=\count194
\c@table=\count195
\abovecaptionskip=\skip48
\belowcaptionskip=\skip49
\bibindent=\dimen140
)
(/usr/local/texlive/2024/texmf-dist/tex/latex/minted/minted.sty
Package: minted 2023/12/18 v2.9 Yet another Pygments shim for LaTeX

(/usr/local/texlive/2024/texmf-dist/tex/latex/graphics/keyval.sty
Package: keyval 2022/05/29 v1.15 key=value parser (DPC)
\KV@toks@=\toks17
)
(/usr/local/texlive/2024/texmf-dist/tex/latex/kvoptions/kvoptions.sty
Package: kvoptions 2022-06-15 v3.15 Key value format for package options (HO)

(/usr/local/texlive/2024/texmf-dist/tex/generic/ltxcmds/ltxcmds.sty
Package: ltxcmds 2023-12-04 v1.26 LaTeX kernel commands for general use (HO)
)
(/usr/local/texlive/2024/texmf-dist/tex/latex/kvsetkeys/kvsetkeys.sty
Package: kvsetkeys 2022-10-05 v1.19 Key value parser (HO)
))
(/usr/local/texlive/2024/texmf-dist/tex/latex/fvextra/fvextra.sty
Package: fvextra 2023/11/28 v1.6.1 fvextra - extensions and patches for fancyvr
b

(/usr/local/texlive/2024/texmf-dist/tex/latex/etoolbox/etoolbox.sty
Package: etoolbox 2020/10/05 v2.5k e-TeX tools for LaTeX (JAW)
\etb@tempcnta=\count196
)
(/usr/local/texlive/2024/texmf-dist/tex/latex/fancyvrb/fancyvrb.sty
Package: fancyvrb 2024/01/20 4.5c verbatim text (tvz,hv)
\FV@CodeLineNo=\count197
\FV@InFile=\read2
\FV@TabBox=\box51
\c@FancyVerbLine=\count198
\FV@StepNumber=\count199
\FV@OutFile=\write3
)
(/usr/local/texlive/2024/texmf-dist/tex/latex/upquote/upquote.sty
Package: upquote 2012/04/19 v1.3 upright-quote and grave-accent glyphs in verba
tim
)
(/usr/local/texlive/2024/texmf-dist/tex/latex/lineno/lineno.sty
Package: lineno 2023/05/20 line numbers on paragraphs v5.3
\linenopenalty=\count266
\output=\toks18
\linenoprevgraf=\count267
\linenumbersep=\dimen141
\linenumberwidth=\dimen142
\c@linenumber=\count268
\c@pagewiselinenumber=\count269
\c@LN@truepage=\count270
\c@internallinenumber=\count271
\c@internallinenumbers=\count272
\quotelinenumbersep=\dimen143
\bframerule=\dimen144
\bframesep=\dimen145
\bframebox=\box52
LaTeX Info: Redefining \\ on input line 3180.
)
\c@FancyVerbWriteLine=\count273
\c@FancyVerbBufferIndex=\count274
\c@FancyVerbBufferLength=\count275
\c@FancyVerbBufferLine=\count276
\c@FV@oldbufferlength=\count277
\c@FV@TrueTabGroupLevel=\count278
\c@FV@TrueTabCounter=\count279
\FV@TabBox@Group=\box53
\FV@TmpLength=\skip50
\c@FV@HighlightLinesStart=\count280
\c@FV@HighlightLinesStop=\count281
\FV@LoopCount=\count282
\FV@NCharsBox=\box54
\FV@BreakIndent=\dimen146
\FV@BreakIndentNChars=\count283
\FV@BreakSymbolSepLeft=\dimen147
\FV@BreakSymbolSepLeftNChars=\count284
\FV@BreakSymbolSepRight=\dimen148
\FV@BreakSymbolSepRightNChars=\count285
\FV@BreakSymbolIndentLeft=\dimen149
\FV@BreakSymbolIndentLeftNChars=\count286
\FV@BreakSymbolIndentRight=\dimen150
\FV@BreakSymbolIndentRightNChars=\count287
\c@FancyVerbLineBreakLast=\count288
\FV@LineBox=\box55
\FV@LineIndentBox=\box56
\c@FV@BreakBufferDepth=\count289
\FV@LineWidth=\dimen151
)
(/usr/local/texlive/2024/texmf-dist/tex/latex/base/ifthen.sty
Package: ifthen 2022/04/13 v1.1d Standard LaTeX ifthen package (DPC)
)
(/usr/local/texlive/2024/texmf-dist/tex/latex/tools/shellesc.sty
Package: shellesc 2023/07/08 v1.0d unified shell escape interface for LaTeX
Package shellesc Info: Unrestricted shell escape enabled on input line 75.
)
(/usr/local/texlive/2024/texmf-dist/tex/latex/ifplatform/ifplatform.sty
Package: ifplatform 2017/10/13 v0.4a Testing for the operating system

(/usr/local/texlive/2024/texmf-dist/tex/generic/pdftexcmds/pdftexcmds.sty
Package: pdftexcmds 2020-06-27 v0.33 Utility functions of pdfTeX for LuaTeX (HO
)

(/usr/local/texlive/2024/texmf-dist/tex/generic/infwarerr/infwarerr.sty
Package: infwarerr 2019/12/03 v1.5 Providing info/warning/error messages (HO)
)
(/usr/local/texlive/2024/texmf-dist/tex/generic/iftex/iftex.sty
Package: iftex 2022/02/03 v1.0f TeX engine tests
)
Package pdftexcmds Info: \pdf@primitive is available.
Package pdftexcmds Info: \pdf@ifprimitive is available.
Package pdftexcmds Info: \pdfdraftmode found.
)
(/usr/local/texlive/2024/texmf-dist/tex/generic/catchfile/catchfile.sty
Package: catchfile 2019/12/09 v1.8 Catch the contents of a file (HO)

(/usr/local/texlive/2024/texmf-dist/tex/generic/etexcmds/etexcmds.sty
Package: etexcmds 2019/12/15 v1.7 Avoid name clashes with e-TeX commands (HO)
))
(/usr/local/texlive/2024/texmf-dist/tex/generic/iftex/ifluatex.sty
Package: ifluatex 2019/10/25 v1.5 ifluatex legacy package. Use iftex instead.
)
runsystem(uname -s > "informe_2.w18")...executed.


(./informe_2.w18)
runsystem(rm -- "informe_2.w18")...executed.

)
(/usr/local/texlive/2024/texmf-dist/tex/generic/xstring/xstring.sty
(/usr/local/texlive/2024/texmf-dist/tex/generic/xstring/xstring.tex
\xs_counta=\count290
\xs_countb=\count291
)
Package: xstring 2023/08/22 v1.86 String manipulations (CT)
)
(/usr/local/texlive/2024/texmf-dist/tex/latex/framed/framed.sty
Package: framed 2011/10/22 v 0.96: framed or shaded text with page breaks
\OuterFrameSep=\skip51
\fb@frw=\dimen152
\fb@frh=\dimen153
\FrameRule=\dimen154
\FrameSep=\dimen155
)
(/usr/local/texlive/2024/texmf-dist/tex/latex/float/float.sty
Package: float 2001/11/08 v1.3d Float enhancements (AL)
\c@float@type=\count292
\float@exts=\toks19
\float@box=\box57
\@float@everytoks=\toks20
\@floatcapt=\box58
)
\minted@appexistsfile=\read3
\minted@bgbox=\box59
\minted@code=\write4
\c@minted@FancyVerbLineTemp=\count293
\c@minted@pygmentizecounter=\count294
\@float@every@listing=\toks21
\c@listing=\count295
)
runsystem(mkdir -p _minted-informe_2)...executed.


(/usr/local/texlive/2024/texmf-dist/tex/latex/base/textcomp.sty
Package: textcomp 2020/02/02 v2.0n Standard LaTeX package
)
(/usr/local/texlive/2024/texmf-dist/tex/latex/xcolor/xcolor.sty
Package: xcolor 2023/11/15 v3.01 LaTeX color extensions (UK)

(/usr/local/texlive/2024/texmf-dist/tex/latex/graphics-cfg/color.cfg
File: color.cfg 2016/01/02 v1.6 sample color configuration
)
Package xcolor Info: Driver file: pdftex.def on input line 274.

(/usr/local/texlive/2024/texmf-dist/tex/latex/graphics-def/pdftex.def
File: pdftex.def 2022/09/22 v1.2b Graphics/color driver for pdftex
)
(/usr/local/texlive/2024/texmf-dist/tex/latex/graphics/mathcolor.ltx)
Package xcolor Info: Model `cmy' substituted by `cmy0' on input line 1350.
Package xcolor Info: Model `hsb' substituted by `rgb' on input line 1354.
Package xcolor Info: Model `RGB' extended on input line 1366.
Package xcolor Info: Model `HTML' substituted by `rgb' on input line 1368.
Package xcolor Info: Model `Hsb' substituted by `hsb' on input line 1369.
Package xcolor Info: Model `tHsb' substituted by `hsb' on input line 1370.
Package xcolor Info: Model `HSB' substituted by `hsb' on input line 1371.
Package xcolor Info: Model `Gray' substituted by `gray' on input line 1372.
Package xcolor Info: Model `wave' substituted by `hsb' on input line 1373.
)
runsystem(command -v pygmentize && touch informe_2.aex)...executed.



./informe_2.tex:11: Package minted Error: You must have `pygmentize' installed 
to use this package.

See the minted package documentation for explanation.
Type  H <return>  for immediate help.
 ...                                              
                                                  
l.11 \begin{document}
                     
Refer to the installation instructions in the minted documentation for more inf
ormation.

(/usr/local/texlive/2024/texmf-dist/tex/latex/l3backend/l3backend-pdftex.def
File: l3backend-pdftex.def 2024-02-20 L3 backend support: PDF output (pdfTeX)
\l__color_backend_stack_int=\count296
\l__pdf_internal_box=\box60
)
(/Users/mauricioescudero/PrecisionWave/out/informe_2.aux)
\openout1 = `informe_2.aux'.

LaTeX Font Info:    Checking defaults for OML/cmm/m/it on input line 11.
LaTeX Font Info:    ... okay on input line 11.
LaTeX Font Info:    Checking defaults for OMS/cmsy/m/n on input line 11.
LaTeX Font Info:    ... okay on input line 11.
LaTeX Font Info:    Checking defaults for OT1/cmr/m/n on input line 11.
LaTeX Font Info:    ... okay on input line 11.
LaTeX Font Info:    Checking defaults for T1/cmr/m/n on input line 11.
LaTeX Font Info:    ... okay on input line 11.
LaTeX Font Info:    Checking defaults for TS1/cmr/m/n on input line 11.
LaTeX Font Info:    ... okay on input line 11.
LaTeX Font Info:    Checking defaults for OMX/cmex/m/n on input line 11.
LaTeX Font Info:    ... okay on input line 11.
LaTeX Font Info:    Checking defaults for U/cmr/m/n on input line 11.
LaTeX Font Info:    ... okay on input line 11.

(/usr/local/texlive/2024/texmf-dist/tex/context/base/mkii/supp-pdf.mkii
[Loading MPS to PDF converter (version 2006.09.02).]
\scratchcounter=\count297
\scratchdimen=\dimen156
\scratchbox=\box61
\nofMPsegments=\count298
\nofMParguments=\count299
\everyMPshowfont=\toks22
\MPscratchCnt=\count300
\MPscratchDim=\dimen157
\MPnumerator=\count301
\makeMPintoPDFobject=\count302
\everyMPtoPDFconversion=\toks23
)
LaTeX Font Info:    External font `cmex10' loaded for size
(Font)              <12> on input line 13.
LaTeX Font Info:    External font `cmex10' loaded for size
(Font)              <8> on input line 13.
LaTeX Font Info:    External font `cmex10' loaded for size
(Font)              <6> on input line 13.
 [1

{/usr/local/texlive/2024/texmf-var/fonts/map/pdftex/updmap/pdftex.map}]
\openout3 = `informe_2.pyg'.


(./_minted-informe_2/default.pygstyle)
runsystem(pygmentize -S default -f latex -P commandprefix=PYG > _minted-informe
_2/default.pygstyle)...executed.

 (./_minted-informe_2/default.pygstyle)

./informe_2.tex:99: Package minted Error: Cannot find Pygments style default.

See the minted package documentation for explanation.
Type  H <return>  for immediate help.
 ...                                              
                                                  
l.99                     \end{minted}
                                     
Cannot find Pygments style default

runsystem(pygmentize -l 'python' -f latex -P commandprefix=PYG -F tokenmerge -P
 stripnl='False' -o _minted-informe_2/7283B4DA7E8FCFC15A3B3841B1BC0EB4ACC5EF0D4
4CCE5C17F13E7B38624AA39.pygtex informe_2.pyg)...executed.


./informe_2.tex:99: Package minted Error: Missing Pygments output; \inputminted
 was
probably given a file that does not exist--otherwise, you may need 
the outputdir package option, or may be using an incompatible build tool,
or may be using frozencache with a missing file.

See the minted package documentation for explanation.
Type  H <return>  for immediate help.
 ...                                              
                                                  
l.99                     \end{minted}
                                     
This could be caused by using -output-directory or -aux-directory 
without setting minted's outputdir, or by using a build tool that 
changes paths in ways minted cannot detect, 
or using frozencache with a missing file.

\openout3 = `informe_2.pyg'.

runsystem(pygmentize -l 'Rust' -f latex -P commandprefix=PYG -F tokenmerge -P s
tripnl='False' -o _minted-informe_2/94119154A321004C9AD96F1EAA1817DBBECF6A2D5BC
395E1A200D9042CDBB846.pygtex informe_2.pyg)...executed.


./informe_2.tex:165: Package minted Error: Missing Pygments output; \inputminte
d was
probably given a file that does not exist--otherwise, you may need 
the outputdir package option, or may be using an incompatible build tool,
or may be using frozencache with a missing file.

See the minted package documentation for explanation.
Type  H <return>  for immediate help.
 ...                                              
                                                  
l.165     \end{minted}
                      
This could be caused by using -output-directory or -aux-directory 
without setting minted's outputdir, or by using a build tool that 
changes paths in ways minted cannot detect, 
or using frozencache with a missing file.

LaTeX Font Info:    External font `cmex10' loaded for size
(Font)              <7> on input line 180.
LaTeX Font Info:    External font `cmex10' loaded for size
(Font)              <5> on input line 180.
\openout3 = `informe_2.pyg'.

runsystem(pygmentize -l 'Python' -f latex -P commandprefix=PYG -F tokenmerge -P
 stripnl='False' -o _minted-informe_2/DDB26936B61C2010D4763032212BB98DA31BAEEB4
6A73A3B8CA127CFBB4FB87B.pygtex informe_2.pyg)...executed.


./informe_2.tex:243: Package minted Error: Missing Pygments output; \inputminte
d was
probably given a file that does not exist--otherwise, you may need 
the outputdir package option, or may be using an incompatible build tool,
or may be using frozencache with a missing file.

See the minted package documentation for explanation.
Type  H <return>  for immediate help.
 ...                                              
                                                  
l.243     \end{minted}
                      
This could be caused by using -output-directory or -aux-directory 
without setting minted's outputdir, or by using a build tool that 
changes paths in ways minted cannot detect, 
or using frozencache with a missing file.

\openout3 = `informe_2.pyg'.

runsystem(pygmentize -l 'Rust' -f latex -P commandprefix=PYG -F tokenmerge -P s
tripnl='False' -o _minted-informe_2/85ABD58289D0BC35BD311B5A4DA96B67BECF6A2D5BC
395E1A200D9042CDBB846.pygtex informe_2.pyg)...executed.


./informe_2.tex:305: Package minted Error: Missing Pygments output; \inputminte
d was
probably given a file that does not exist--otherwise, you may need 
the outputdir package option, or may be using an incompatible build tool,
or may be using frozencache with a missing file.

See the minted package documentation for explanation.
Type  H <return>  for immediate help.
 ...                                              
                                                  
l.305     \end{minted}
                      
This could be caused by using -output-directory or -aux-directory 
without setting minted's outputdir, or by using a build tool that 
changes paths in ways minted cannot detect, 
or using frozencache with a missing file.


Overfull \hbox (2.44537pt too wide) in paragraph at lines 321--344
[][][] 
 []

[2{/usr/local/texlive/2024/texmf-dist/fonts/enc/dvips/cm-super/cm-super-ts1.enc
}]
\openout3 = `informe_2.pyg'.

runsystem(pygmentize -l 'Python' -f latex -P commandprefix=PYG -F tokenmerge -P
 stripnl='False' -o _minted-informe_2/47F3C5A6E42F54E0D2FFDE92021D12CBA31BAEEB4
6A73A3B8CA127CFBB4FB87B.pygtex informe_2.pyg)...executed.



./informe_2.tex:418: Package minted Error: Missing Pygments output; \inputminte
d was
probably given a file that does not exist--otherwise, you may need 
the outputdir package option, or may be using an incompatible build tool,
or may be using frozencache with a missing file.

See the minted package documentation for explanation.
Type  H <return>  for immediate help.
 ...                                              
                                                  
l.418         \end{minted}
                          
This could be caused by using -output-directory or -aux-directory 
without setting minted's outputdir, or by using a build tool that 
changes paths in ways minted cannot detect, 
or using frozencache with a missing file.

\openout3 = `informe_2.pyg'.

runsystem(pygmentize -l 'Rust' -f latex -P commandprefix=PYG -F tokenmerge -P s
tripnl='False' -o _minted-informe_2/3D98F431CB97FDE70DA8D6993280B4CDBECF6A2D5BC
395E1A200D9042CDBB846.pygtex informe_2.pyg)...executed.


./informe_2.tex:486: Package minted Error: Missing Pygments output; \inputminte
d was
probably given a file that does not exist--otherwise, you may need 
the outputdir package option, or may be using an incompatible build tool,
or may be using frozencache with a missing file.

See the minted package documentation for explanation.
Type  H <return>  for immediate help.
 ...                                              
                                                  
l.486      \end{minted}
                       
This could be caused by using -output-directory or -aux-directory 
without setting minted's outputdir, or by using a build tool that 
changes paths in ways minted cannot detect, 
or using frozencache with a missing file.


Overfull \hbox (44.55649pt too wide) in paragraph at lines 489--493
\OT1/cmr/m/n/10 Approximate so-lu-tion: x = 0.9364045808798893 It-er-a-tions: 5
 Er-ror: 2.2097967899981086e-
 []


Overfull \hbox (9.11208pt too wide) in paragraph at lines 495--502
[][][] 
 []

[3]
\openout3 = `informe_2.pyg'.

runsystem(pygmentize -l 'Python' -f latex -P commandprefix=PYG -F tokenmerge -P
 stripnl='False' -o _minted-informe_2/1F8A84A17C3494905D97086D39E7DADDA31BAEEB4
6A73A3B8CA127CFBB4FB87B.pygtex informe_2.pyg)...executed.



./informe_2.tex:574: Package minted Error: Missing Pygments output; \inputminte
d was
probably given a file that does not exist--otherwise, you may need 
the outputdir package option, or may be using an incompatible build tool,
or may be using frozencache with a missing file.

See the minted package documentation for explanation.
Type  H <return>  for immediate help.
 ...                                              
                                                  
l.574     \end{minted}
                      
This could be caused by using -output-directory or -aux-directory 
without setting minted's outputdir, or by using a build tool that 
changes paths in ways minted cannot detect, 
or using frozencache with a missing file.

\openout3 = `informe_2.pyg'.

runsystem(pygmentize -l 'Rust' -f latex -P commandprefix=PYG -F tokenmerge -P s
tripnl='False' -o _minted-informe_2/1941A9AB1E34EE16711445327901FD67BECF6A2D5BC
395E1A200D9042CDBB846.pygtex informe_2.pyg)...executed.


./informe_2.tex:627: Package minted Error: Missing Pygments output; \inputminte
d was
probably given a file that does not exist--otherwise, you may need 
the outputdir package option, or may be using an incompatible build tool,
or may be using frozencache with a missing file.

See the minted package documentation for explanation.
Type  H <return>  for immediate help.
 ...                                              
                                                  
l.627     \end{minted}
                      
This could be caused by using -output-directory or -aux-directory 
without setting minted's outputdir, or by using a build tool that 
changes paths in ways minted cannot detect, 
or using frozencache with a missing file.

\openout3 = `informe_2.pyg'.

runsystem(pygmentize -l 'Python' -f latex -P commandprefix=PYG -F tokenmerge -P
 stripnl='False' -o _minted-informe_2/B3EFB5085DE7C755EEEEEA89B5C3296EA31BAEEB4
6A73A3B8CA127CFBB4FB87B.pygtex informe_2.pyg)...executed.


./informe_2.tex:681: Package minted Error: Missing Pygments output; \inputminte
d was
probably given a file that does not exist--otherwise, you may need 
the outputdir package option, or may be using an incompatible build tool,
or may be using frozencache with a missing file.

See the minted package documentation for explanation.
Type  H <return>  for immediate help.
 ...                                              
                                                  
l.681                 \end{minted}
                                  
This could be caused by using -output-directory or -aux-directory 
without setting minted's outputdir, or by using a build tool that 
changes paths in ways minted cannot detect, 
or using frozencache with a missing file.

\openout3 = `informe_2.pyg'.

runsystem(pygmentize -l 'Rust' -f latex -P commandprefix=PYG -F tokenmerge -P s
tripnl='False' -o _minted-informe_2/E9CB805F9C365C8F549343B884C21DFCBECF6A2D5BC
395E1A200D9042CDBB846.pygtex informe_2.pyg)...executed.


./informe_2.tex:746: Package minted Error: Missing Pygments output; \inputminte
d was
probably given a file that does not exist--otherwise, you may need 
the outputdir package option, or may be using an incompatible build tool,
or may be using frozencache with a missing file.

See the minted package documentation for explanation.
Type  H <return>  for immediate help.
 ...                                              
                                                  
l.746                 \end{minted}
                                  
This could be caused by using -output-directory or -aux-directory 
without setting minted's outputdir, or by using a build tool that 
changes paths in ways minted cannot detect, 
or using frozencache with a missing file.

\openout3 = `informe_2.pyg'.

runsystem(pygmentize -l 'Python' -f latex -P commandprefix=PYG -F tokenmerge -P
 stripnl='False' -o _minted-informe_2/CF59DF3FEED44F96C6E74713E82F7913A31BAEEB4
6A73A3B8CA127CFBB4FB87B.pygtex informe_2.pyg)...executed.


./informe_2.tex:810: Package minted Error: Missing Pygments output; \inputminte
d was
probably given a file that does not exist--otherwise, you may need 
the outputdir package option, or may be using an incompatible build tool,
or may be using frozencache with a missing file.

See the minted package documentation for explanation.
Type  H <return>  for immediate help.
 ...                                              
                                                  
l.810                 \end{minted}
                                  
This could be caused by using -output-directory or -aux-directory 
without setting minted's outputdir, or by using a build tool that 
changes paths in ways minted cannot detect, 
or using frozencache with a missing file.

\openout3 = `informe_2.pyg'.

runsystem(pygmentize -l 'Rust' -f latex -P commandprefix=PYG -F tokenmerge -P s
tripnl='False' -o _minted-informe_2/5584711AB47B0DF1149DDB177CF9FBBBBECF6A2D5BC
395E1A200D9042CDBB846.pygtex informe_2.pyg)...executed.


./informe_2.tex:873: Package minted Error: Missing Pygments output; \inputminte
d was
probably given a file that does not exist--otherwise, you may need 
the outputdir package option, or may be using an incompatible build tool,
or may be using frozencache with a missing file.

See the minted package documentation for explanation.
Type  H <return>  for immediate help.
 ...                                              
                                                  
l.873                 \end{minted}
                                  
This could be caused by using -output-directory or -aux-directory 
without setting minted's outputdir, or by using a build tool that 
changes paths in ways minted cannot detect, 
or using frozencache with a missing file.

\openout3 = `informe_2.pyg'.

runsystem(pygmentize -l 'Python' -f latex -P commandprefix=PYG -F tokenmerge -P
 stripnl='False' -o _minted-informe_2/1B0A277C7778B0F1B2C7BAA01829EDF6A31BAEEB4
6A73A3B8CA127CFBB4FB87B.pygtex informe_2.pyg)...executed.


./informe_2.tex:945: Package minted Error: Missing Pygments output; \inputminte
d was
probably given a file that does not exist--otherwise, you may need 
the outputdir package option, or may be using an incompatible build tool,
or may be using frozencache with a missing file.

See the minted package documentation for explanation.
Type  H <return>  for immediate help.
 ...                                              
                                                  
l.945                 \end{minted}
                                  
This could be caused by using -output-directory or -aux-directory 
without setting minted's outputdir, or by using a build tool that 
changes paths in ways minted cannot detect, 
or using frozencache with a missing file.

[4]
\openout3 = `informe_2.pyg'.

runsystem(pygmentize -l 'Rust' -f latex -P commandprefix=PYG -F tokenmerge -P s
tripnl='False' -o _minted-informe_2/FF158E09C2859370589EDED057062E35BECF6A2D5BC
395E1A200D9042CDBB846.pygtex informe_2.pyg)...executed.



./informe_2.tex:1040: Package minted Error: Missing Pygments output; \inputmint
ed was
probably given a file that does not exist--otherwise, you may need 
the outputdir package option, or may be using an incompatible build tool,
or may be using frozencache with a missing file.

See the minted package documentation for explanation.
Type  H <return>  for immediate help.
 ...                                              
                                                  
l.1040                 \end{minted}
                                   
This could be caused by using -output-directory or -aux-directory 
without setting minted's outputdir, or by using a build tool that 
changes paths in ways minted cannot detect, 
or using frozencache with a missing file.

\openout3 = `informe_2.pyg'.

runsystem(pygmentize -l 'Python' -f latex -P commandprefix=PYG -F tokenmerge -P
 stripnl='False' -o _minted-informe_2/803319373A341B1C767E460D34D75E46A31BAEEB4
6A73A3B8CA127CFBB4FB87B.pygtex informe_2.pyg)...executed.


./informe_2.tex:1084: Package minted Error: Missing Pygments output; \inputmint
ed was
probably given a file that does not exist--otherwise, you may need 
the outputdir package option, or may be using an incompatible build tool,
or may be using frozencache with a missing file.

See the minted package documentation for explanation.
Type  H <return>  for immediate help.
 ...                                              
                                                  
l.1084                 \end{minted}
                                   
This could be caused by using -output-directory or -aux-directory 
without setting minted's outputdir, or by using a build tool that 
changes paths in ways minted cannot detect, 
or using frozencache with a missing file.

\openout3 = `informe_2.pyg'.

runsystem(pygmentize -l 'Rust' -f latex -P commandprefix=PYG -F tokenmerge -P s
tripnl='False' -o _minted-informe_2/552880B99DE743D45027BC73A122537FBECF6A2D5BC
395E1A200D9042CDBB846.pygtex informe_2.pyg)...executed.


./informe_2.tex:1133: Package minted Error: Missing Pygments output; \inputmint
ed was
probably given a file that does not exist--otherwise, you may need 
the outputdir package option, or may be using an incompatible build tool,
or may be using frozencache with a missing file.

See the minted package documentation for explanation.
Type  H <return>  for immediate help.
 ...                                              
                                                  
l.1133                 \end{minted}
                                   
This could be caused by using -output-directory or -aux-directory 
without setting minted's outputdir, or by using a build tool that 
changes paths in ways minted cannot detect, 
or using frozencache with a missing file.

\openout3 = `informe_2.pyg'.

runsystem(pygmentize -l 'Python' -f latex -P commandprefix=PYG -F tokenmerge -P
 stripnl='False' -o _minted-informe_2/0F44339D0ECF639CC1AF00124E20016DA31BAEEB4
6A73A3B8CA127CFBB4FB87B.pygtex informe_2.pyg)...executed.


./informe_2.tex:1182: Package minted Error: Missing Pygments output; \inputmint
ed was
probably given a file that does not exist--otherwise, you may need 
the outputdir package option, or may be using an incompatible build tool,
or may be using frozencache with a missing file.

See the minted package documentation for explanation.
Type  H <return>  for immediate help.
 ...                                              
                                                  
l.1182                 \end{minted}
                                   
This could be caused by using -output-directory or -aux-directory 
without setting minted's outputdir, or by using a build tool that 
changes paths in ways minted cannot detect, 
or using frozencache with a missing file.

\openout3 = `informe_2.pyg'.

runsystem(pygmentize -l 'Rust' -f latex -P commandprefix=PYG -F tokenmerge -P s
tripnl='False' -o _minted-informe_2/BBEA77D4AC257901B6C1230863E67C3DBECF6A2D5BC
395E1A200D9042CDBB846.pygtex informe_2.pyg)...executed.


./informe_2.tex:1245: Package minted Error: Missing Pygments output; \inputmint
ed was
probably given a file that does not exist--otherwise, you may need 
the outputdir package option, or may be using an incompatible build tool,
or may be using frozencache with a missing file.

See the minted package documentation for explanation.
Type  H <return>  for immediate help.
 ...                                              
                                                  
l.1245                 \end{minted}
                                   
This could be caused by using -output-directory or -aux-directory 
without setting minted's outputdir, or by using a build tool that 
changes paths in ways minted cannot detect, 
or using frozencache with a missing file.

\openout3 = `informe_2.pyg'.

runsystem(pygmentize -l 'Python' -f latex -P commandprefix=PYG -F tokenmerge -P
 stripnl='False' -o _minted-informe_2/50C84F6C67FE4FF12B66DA57F7F76942A31BAEEB4
6A73A3B8CA127CFBB4FB87B.pygtex informe_2.pyg)...executed.


./informe_2.tex:1291: Package minted Error: Missing Pygments output; \inputmint
ed was
probably given a file that does not exist--otherwise, you may need 
the outputdir package option, or may be using an incompatible build tool,
or may be using frozencache with a missing file.

See the minted package documentation for explanation.
Type  H <return>  for immediate help.
 ...                                              
                                                  
l.1291                 \end{minted}
                                   
This could be caused by using -output-directory or -aux-directory 
without setting minted's outputdir, or by using a build tool that 
changes paths in ways minted cannot detect, 
or using frozencache with a missing file.

\openout3 = `informe_2.pyg'.

runsystem(pygmentize -l 'Rust' -f latex -P commandprefix=PYG -F tokenmerge -P s
tripnl='False' -o _minted-informe_2/97E1BC086DF3A58F6060B6B987292FA2BECF6A2D5BC
395E1A200D9042CDBB846.pygtex informe_2.pyg)...executed.


./informe_2.tex:1351: Package minted Error: Missing Pygments output; \inputmint
ed was
probably given a file that does not exist--otherwise, you may need 
the outputdir package option, or may be using an incompatible build tool,
or may be using frozencache with a missing file.

See the minted package documentation for explanation.
Type  H <return>  for immediate help.
 ...                                              
                                                  
l.1351                 \end{minted}
                                   
This could be caused by using -output-directory or -aux-directory 
without setting minted's outputdir, or by using a build tool that 
changes paths in ways minted cannot detect, 
or using frozencache with a missing file.

[5] (/Users/mauricioescudero/PrecisionWave/out/informe_2.aux)
 ***********
LaTeX2e <2023-11-01> patch level 1
L3 programming layer <2024-02-20>
 ***********
runsystem(rm informe_2.pyg)...executed.

 ) 
Here is how much of TeX's memory you used:
 5369 strings out of 474116
 109304 string characters out of 5743682
 1937187 words of memory out of 5000000
 27676 multiletter control sequences out of 15000+600000
 562659 words of font info for 51 fonts, out of 8000000 for 9000
 1141 hyphenation exceptions out of 8191
 77i,9n,79p,276b,209s stack positions out of 10000i,1000n,20000p,200000b,200000s
</usr/local/texlive/2024/texmf-dist/fonts/type1/public/amsfonts/cm/cmbx10.pfb
></usr/local/texlive/2024/texmf-dist/fonts/type1/public/amsfonts/cm/cmbx12.pfb>
</usr/local/texlive/2024/texmf-dist/fonts/type1/public/amsfonts/cm/cmr10.pfb></
usr/local/texlive/2024/texmf-dist/fonts/type1/public/amsfonts/cm/cmr12.pfb></us
r/local/texlive/2024/texmf-dist/fonts/type1/public/amsfonts/cm/cmr17.pfb></usr/
local/texlive/2024/texmf-dist/fonts/type1/public/cm-super/sfrm1000.pfb>
Output written on /Users/mauricioescudero/PrecisionWave/out/informe_2.pdf (5 pa
ges, 87909 bytes).
PDF statistics:
 51 PDF objects out of 1000 (max. 8388607)
 31 compressed objects within 1 object stream
 0 named destinations out of 1000 (max. 500000)
 1 words of extra memory for PDF output out of 10000 (max. 10000000)

